================================================================================
EMAIL (logged, not sent)
To: info@drrootsdc.in
Subject: New Appointment Request — 2025-10-31 09:30 — Ajai Sreenilayam
Body: <h2>New Appointment Request</h2><ul><li><strong>Name:</strong> Ajai Sreenilayam</li><li><strong>Phone:</strong> 5124887738</li><li><strong>Email:</strong> ajaisoman@gmail.com</li><li><strong>Date:</strong> 2025-10-31</li><li><strong>Time:</strong> 09:30</li><li><strong>Reason:</strong> test</li></ul>
Attachment: appointment.ics (492 bytes)
================================================================================
================================================================================
EMAIL (logged, not sent)
To: ajaisoman@gmail.com
Subject: New Appointment Request — 2025-10-31 09:30 — Ajai Sreenilayam
Body: <h2>Appointment Request Confirmation</h2><p>Dear Ajai Sreenilayam,</p><p>Thank you for booking an appointment with Dr. Roots Dental Clinic!</p><h3>Appointment Details:</h3><ul><li><strong>Date:</strong> 2025-10-31</li><li><strong>Time:</strong> 09:30</li><li><strong>Reason:</strong> test</li></ul><p>We will confirm your appointment shortly.</p>
Attachment: appointment.ics (492 bytes)
================================================================================
================================================================================
EMAIL (logged, not sent)
To: info@drrootsdc.in
Subject: New Appointment Request — 2025-10-30 16:00 — Gayathri Gopinathan
Body: <h2>New Appointment Request</h2><ul><li><strong>Name:</strong> Gayathri Gopinathan</li><li><strong>Phone:</strong> 5124887738</li><li><strong>Email:</strong> gayathrigopinath86@gmail.com</li><li><strong>Date:</strong> 2025-10-30</li><li><strong>Time:</strong> 16:00</li><li><strong>Reason:</strong> te</li></ul>
Attachment: appointment.ics (493 bytes)
================================================================================
================================================================================
EMAIL (logged, not sent)
To: gayathrigopinath86@gmail.com
Subject: New Appointment Request — 2025-10-30 16:00 — Gayathri Gopinathan
Body: <h2>Appointment Request Confirmation</h2><p>Dear Gayathri Gopinathan,</p><p>Thank you for booking an appointment with Dr. Roots Dental Clinic!</p><h3>Appointment Details:</h3><ul><li><strong>Date:</strong> 2025-10-30</li><li><strong>Time:</strong> 16:00</li><li><strong>Reason:</strong> te</li></ul><p>We will confirm your appointment shortly.</p>
Attachment: appointment.ics (493 bytes)
================================================================================
================================================================================
EMAIL (logged, not sent)
To: info@drrootsdc.in
Subject: New Appointment Request — 2025-10-31 14:00 — Ajai Sreenilayam
Body: <h2>New Appointment Request</h2><ul><li><strong>Name:</strong> Ajai Sreenilayam</li><li><strong>Phone:</strong> 5124887738</li><li><strong>Email:</strong> ajaisoman@gmail.com</li><li><strong>Date:</strong> 2025-10-31</li><li><strong>Time:</strong> 14:00</li><li><strong>Reason:</strong> test</li></ul>
Attachment: appointment.ics (492 bytes)
================================================================================
================================================================================
EMAIL (logged, not sent)
To: ajaisoman@gmail.com
Subject: New Appointment Request — 2025-10-31 14:00 — Ajai Sreenilayam
Body: <h2>Appointment Request Confirmation</h2><p>Dear Ajai Sreenilayam,</p><p>Thank you for booking an appointment with Dr. Roots Dental Clinic!</p><h3>Appointment Details:</h3><ul><li><strong>Date:</strong> 2025-10-31</li><li><strong>Time:</strong> 14:00</li><li><strong>Reason:</strong> test</li></ul><p>We will confirm your appointment shortly.</p>
Attachment: appointment.ics (492 bytes)
================================================================================
================================================================================
EMAIL (logged, not sent)
To: info@drrootsdc.in
Subject: New Appointment Request — 31 Oct 2025 4:30 PM — Ajai Sreenilayam
Body: <h2>New Appointment Request</h2><ul><li><strong>Name:</strong> Ajai Sreenilayam</li><li><strong>Phone:</strong> 5124887738</li><li><strong>Email:</strong> ajaisoman@gmail.com</li><li><strong>Date/Time:</strong> 31 Oct 2025 4:30 PM</li><li><strong>Reason:</strong> test</li></ul>
Attachment: appointment.ics (492 bytes)
================================================================================
================================================================================
EMAIL (logged, not sent)
To: ajaisoman@gmail.com
Subject: New Appointment Request — 31 Oct 2025 4:30 PM — Ajai Sreenilayam
Body: <h2>Appointment Request Confirmation</h2><p>Dear Ajai Sreenilayam,</p><p>Thank you for booking an appointment with Dr. Roots Dental Clinic!</p><h3>Appointment Details:</h3><ul><li><strong>Date/Time:</strong> 31 Oct 2025 4:30 PM</li><li><strong>Reason:</strong> test</li></ul><p>We will confirm your appointment shortly.</p>
Attachment: appointment.ics (492 bytes)
================================================================================
================================================================================
EMAIL (logged, not sent)
To: info@drrootsdc.in
Subject: Contact Form: Support on the outlook
Body: <h2>New Contact Form Submission</h2><ul><li><strong>Name:</strong> KIDAGIMELATHIL NARAYANAN SOMAN</li><li><strong>Email:</strong> SOMANKAKKUR@GMAIL.COM</li><li><strong>Phone:</strong> 09847561636</li><li><strong>Subject:</strong> Support on the outlook</li></ul><h3>Message:</h3><p>Support on the outlook</p>
================================================================================
================================================================================
EMAIL (logged, not sent)
To: info@drrootsdc.in
Subject: New Appointment Request — 30 Oct 2025 12 PM — Ajai Sreenilayam
Body: <h2>New Appointment Request</h2><ul><li><strong>Name:</strong> Ajai Sreenilayam</li><li><strong>Phone:</strong> 1124887738</li><li><strong>Email:</strong> ajaisoman@gmail.com</li><li><strong>Date/Time:</strong> 30 Oct 2025 12 PM</li><li><strong>Reason:</strong> test</li></ul>
Attachment: appointment.ics (492 bytes)
================================================================================
================================================================================
EMAIL (logged, not sent)
To: ajaisoman@gmail.com
Subject: New Appointment Request — 30 Oct 2025 12 PM — Ajai Sreenilayam
Body: <h2>Appointment Request Confirmation</h2><p>Dear Ajai Sreenilayam,</p><p>Thank you for booking an appointment with Dr. Roots Dental Clinic!</p><h3>Appointment Details:</h3><ul><li><strong>Date/Time:</strong> 30 Oct 2025 12 PM</li><li><strong>Reason:</strong> test</li></ul><p>We will confirm your appointment shortly.</p>
Attachment: appointment.ics (492 bytes)
================================================================================
================================================================================
EMAIL (logged, not sent)
To: info@drrootsdc.in
Subject: New Appointment Request — 30 Oct 2025 4:30 PM — Gayathri Gopinathan
Body: <h2>New Appointment Request</h2><ul><li><strong>Name:</strong> Gayathri Gopinathan</li><li><strong>Phone:</strong> 5124887738</li><li><strong>Email:</strong> gayathrigopinath86@gmail.com</li><li><strong>Date/Time:</strong> 30 Oct 2025 4:30 PM</li><li><strong>Reason:</strong> test2</li></ul>
Attachment: appointment.ics (496 bytes)
================================================================================
================================================================================
EMAIL (logged, not sent)
To: gayathrigopinath86@gmail.com
Subject: New Appointment Request — 30 Oct 2025 4:30 PM — Gayathri Gopinathan
Body: <h2>Appointment Request Confirmation</h2><p>Dear Gayathri Gopinathan,</p><p>Thank you for booking an appointment with Dr. Roots Dental Clinic!</p><h3>Appointment Details:</h3><ul><li><strong>Date/Time:</strong> 30 Oct 2025 4:30 PM</li><li><strong>Reason:</strong> test2</li></ul><p>We will confirm your appointment shortly.</p>
Attachment: appointment.ics (496 bytes)
================================================================================
================================================================================
EMAIL (logged, not sent)
To: info@drrootsdc.in
Subject: New Appointment Request — 31 Oct 2025 1:30 PM — KIDAGIMELATHIL NARAYANAN SOMAN
Body: <h2>New Appointment Request</h2><ul><li><strong>Name:</strong> KIDAGIMELATHIL NARAYANAN SOMAN</li><li><strong>Phone:</strong> 9947435826</li><li><strong>Email:</strong> SOMANKAKKUR@GMAIL.COM</li><li><strong>Date/Time:</strong> 31 Oct 2025 1:30 PM</li><li><strong>Reason:</strong> test3</li></ul>
Attachment: appointment.ics (507 bytes)
================================================================================
================================================================================
EMAIL (logged, not sent)
To: SOMANKAKKUR@GMAIL.COM
Subject: New Appointment Request — 31 Oct 2025 1:30 PM — KIDAGIMELATHIL NARAYANAN SOMAN
Body: <h2>Appointment Request Confirmation</h2><p>Dear KIDAGIMELATHIL NARAYANAN SOMAN,</p><p>Thank you for booking an appointment with Dr. Roots Dental Clinic!</p><h3>Appointment Details:</h3><ul><li><strong>Date/Time:</strong> 31 Oct 2025 1:30 PM</li><li><strong>Reason:</strong> test3</li></ul><p>We will confirm your appointment shortly.</p>
Attachment: appointment.ics (507 bytes)
================================================================================
================================================================================
EMAIL (logged, not sent)
To: info@drrootsdc.in
Subject: New Appointment Request — 30 Oct 2025 1:30 PM — Gayathri Gopinathan 1
Body: <h2>New Appointment Request</h2><ul><li><strong>Name:</strong> Gayathri Gopinathan 1</li><li><strong>Phone:</strong> 5510951289</li><li><strong>Email:</strong> gayathrigopinath86@gmail.com</li><li><strong>Date/Time:</strong> 30 Oct 2025 1:30 PM</li><li><strong>Reason:</strong> ererer</li></ul>
Attachment: appointment.ics (499 bytes)
================================================================================
================================================================================
EMAIL (logged, not sent)
To: gayathrigopinath86@gmail.com
Subject: New Appointment Request — 30 Oct 2025 1:30 PM — Gayathri Gopinathan 1
Body: <h2>Appointment Request Confirmation</h2><p>Dear Gayathri Gopinathan 1,</p><p>Thank you for booking an appointment with Dr. Roots Dental Clinic!</p><h3>Appointment Details:</h3><ul><li><strong>Date/Time:</strong> 30 Oct 2025 1:30 PM</li><li><strong>Reason:</strong> ererer</li></ul><p>We will confirm your appointment shortly.</p>
Attachment: appointment.ics (499 bytes)
================================================================================
================================================================================
EMAIL (logged, not sent)
To: ajaisoman@gmail.com
Subject: Appointment Confirmed — 30 Oct 2025 12 PM
Body: <p>Dear Ajai Sreenilayam,</p><p>Your appointment is confirmed.</p><ul><li><strong>Date/Time:</strong> 30 Oct 2025 12 PM</li></ul>
Attachment: appointment.ics (463 bytes)
================================================================================
================================================================================
EMAIL (logged, not sent)
To: test@example.com
Subject: Appointment Cancelled — 1 Nov 2025 12 PM
Body: <p>Dear Test User,</p><p>Your appointment has been cancelled. Please contact us to reschedule.</p>
Attachment: appointment.ics (462 bytes)
================================================================================
================================================================================
EMAIL (logged, not sent)
To: SOMANKAKKUR@GMAIL.COM
Subject: Appointment Confirmed — 31 Oct 2025 1:30 PM
Body: <p>Dear KIDAGIMELATHIL NARAYANAN SOMAN,</p><p>Your appointment is confirmed.</p><ul><li><strong>Date/Time:</strong> 31 Oct 2025 1:30 PM</li></ul>
Attachment: appointment.ics (463 bytes)
================================================================================
================================================================================
EMAIL (logged, not sent)
To: gayathrigopinath86@gmail.com
Subject: Appointment Confirmed — 30 Oct 2025 4:30 PM
Body: <p>Dear Gayathri Gopinathan,</p><p>Your appointment is confirmed.</p><ul><li><strong>Date/Time:</strong> 30 Oct 2025 4:30 PM</li></ul>
Attachment: appointment.ics (463 bytes)
================================================================================
================================================================================
EMAIL (logged, not sent)
To: gayathrigopinath86@gmail.com
Subject: Appointment Confirmed — 30 Oct 2025 1:30 PM
Body: <p>Dear Gayathri Gopinathan 1,</p><p>Your appointment is confirmed.</p><ul><li><strong>Date/Time:</strong> 30 Oct 2025 1:30 PM</li></ul>
Attachment: appointment.ics (463 bytes)
================================================================================
================================================================================
EMAIL (logged, not sent)
To: ajaisoman@gmail.com
Subject: Appointment Rescheduled — 30 Oct 2025 12 PM
Body: <p>Dear Ajai Sreenilayam,</p><p>Your appointment has been rescheduled.</p><ul><li><strong>Date/Time:</strong> 30 Oct 2025 12 PM</li></ul>
Attachment: appointment.ics (463 bytes)
================================================================================
================================================================================
EMAIL (logged, not sent)
To: ajaisoman@gmail.com
Subject: Appointment Cancelled — 30 Oct 2025 12 PM
Body: <p>Dear Ajai Sreenilayam,</p><p>Your appointment has been cancelled. Please contact us to reschedule.</p>
Attachment: appointment.ics (462 bytes)
================================================================================
================================================================================
EMAIL (logged, not sent)
To: gayathrigopinath86@gmail.com
Subject: Appointment Rescheduled — 30 Oct 2025 1:30 PM
Body: <p>Dear Gayathri Gopinathan 1,</p><p>Your appointment has been rescheduled.</p><ul><li><strong>Date/Time:</strong> 30 Oct 2025 1:30 PM</li></ul>
Attachment: appointment.ics (463 bytes)
================================================================================
================================================================================
EMAIL (logged, not sent)
To: gayathrigopinath86@gmail.com
Subject: Appointment Rescheduled — 30 Oct 2025 2 PM
Body: <p>Dear Gayathri Gopinathan 1,</p><p>Your appointment has been rescheduled.</p><ul><li><strong>Date/Time:</strong> 30 Oct 2025 2 PM</li></ul>
Attachment: appointment.ics (463 bytes)
================================================================================
================================================================================
EMAIL (logged, not sent)
To: gayathrigopinath86@gmail.com
Subject: Appointment Rescheduled — 31 Oct 2025 2:25 PM
Body: <p>Dear Gayathri Gopinathan 1,</p><p>Your appointment has been rescheduled.</p><ul><li><strong>Date/Time:</strong> 31 Oct 2025 2:25 PM</li></ul>
Attachment: appointment.ics (463 bytes)
================================================================================
================================================================================
EMAIL (logged, not sent)
To: info@drrootsdc.in
Subject: New Appointment Request — 29 Oct 2025 6:30 PM — KIDAGIMELATHIL NARAYANAN SOMAN
Body: <h2>New Appointment Request</h2><ul><li><strong>Name:</strong> KIDAGIMELATHIL NARAYANAN SOMAN</li><li><strong>Phone:</strong> 9947435826</li><li><strong>Email:</strong> SOMANKAKKUR@GMAIL.COM</li><li><strong>Date/Time:</strong> 29 Oct 2025 6:30 PM</li><li><strong>Reason:</strong> test new</li></ul>
Attachment: appointment.ics (510 bytes)
================================================================================
================================================================================
EMAIL (logged, not sent)
To: SOMANKAKKUR@GMAIL.COM
Subject: New Appointment Request — 29 Oct 2025 6:30 PM — KIDAGIMELATHIL NARAYANAN SOMAN
Body: <h2>Appointment Request Confirmation</h2><p>Dear KIDAGIMELATHIL NARAYANAN SOMAN,</p><p>Thank you for booking an appointment with Dr. Roots Dental Clinic!</p><h3>Appointment Details:</h3><ul><li><strong>Date/Time:</strong> 29 Oct 2025 6:30 PM</li><li><strong>Reason:</strong> test new</li></ul><p>We will confirm your appointment shortly.</p>
Attachment: appointment.ics (510 bytes)
================================================================================
================================================================================
EMAIL (logged, not sent)
To: SOMANKAKKUR@GMAIL.COM
Subject: Appointment Rescheduled — 29 Oct 2025 7:30 PM
Body: <p>Dear KIDAGIMELATHIL NARAYANAN SOMAN,</p><p>Your appointment has been rescheduled.</p><ul><li><strong>Date/Time:</strong> 29 Oct 2025 7:30 PM</li></ul>
Attachment: appointment.ics (463 bytes)
================================================================================
================================================================================
EMAIL (logged, not sent)
To: SOMANKAKKUR@GMAIL.COM
Subject: Appointment Rescheduled — 29 Oct 2025 7:30 PM
Body: <p>Dear KIDAGIMELATHIL NARAYANAN SOMAN,</p><p>Your appointment has been rescheduled.</p><ul><li><strong>Date/Time:</strong> 29 Oct 2025 7:30 PM</li></ul>
Attachment: appointment.ics (463 bytes)
================================================================================
================================================================================
EMAIL (logged, not sent)
To: SOMANKAKKUR@GMAIL.COM
Subject: Appointment Cancelled — 29 Oct 2025 7:30 PM
Body: <p>Dear KIDAGIMELATHIL NARAYANAN SOMAN,</p><p>Your appointment has been cancelled. Please contact us to reschedule.</p>
Attachment: appointment.ics (462 bytes)
================================================================================
================================================================================
EMAIL (logged, not sent)
To: SOMANKAKKUR@GMAIL.COM
Subject: Appointment Rescheduled — 30 Oct 2025 7:30 PM
Body: <p>Dear KIDAGIMELATHIL NARAYANAN SOMAN,</p><p>Your appointment has been rescheduled.</p><ul><li><strong>Date/Time:</strong> 30 Oct 2025 7:30 PM</li></ul>
Attachment: appointment.ics (463 bytes)
================================================================================
================================================================================
EMAIL (logged, not sent)
To: info@drrootsdc.in
Subject: New Appointment Request — 29 Oct 2025 1:30 PM — Sureshkumar TV
Body: <h2>New Appointment Request</h2><ul><li><strong>Name:</strong> Sureshkumar TV</li><li><strong>Phone:</strong> 5124887738</li><li><strong>Email:</strong> ajaisreenilayam@gmail.com</li><li><strong>Date/Time:</strong> 29 Oct 2025 1:30 PM</li><li><strong>Reason:</strong> test</li></ul>
Attachment: appointment.ics (490 bytes)
================================================================================
================================================================================
EMAIL (logged, not sent)
To: ajaisreenilayam@gmail.com
Subject: New Appointment Request — 29 Oct 2025 1:30 PM — Sureshkumar TV
Body: <h2>Appointment Request Confirmation</h2><p>Dear Sureshkumar TV,</p><p>Thank you for booking an appointment with Dr. Roots Dental Clinic!</p><h3>Appointment Details:</h3><ul><li><strong>Date/Time:</strong> 29 Oct 2025 1:30 PM</li><li><strong>Reason:</strong> test</li></ul><p>We will confirm your appointment shortly.</p>
Attachment: appointment.ics (490 bytes)
================================================================================
================================================================================
EMAIL (logged, not sent)
To: ajaisreenilayam@gmail.com
Subject: Appointment Confirmed — 29 Oct 2025 1:30 PM
Body: <p>Dear Sureshkumar TV,</p><p>Your appointment is confirmed.</p><ul><li><strong>Date/Time:</strong> 29 Oct 2025 1:30 PM</li></ul>
Attachment: appointment.ics (463 bytes)
================================================================================
================================================================================
EMAIL (logged, not sent)
To: info@drrootsdc.in
Subject: New Appointment Request — 31 Oct 2025 4:30 PM — Gayathri Gopinathan
Body: <h2>New Appointment Request</h2><ul><li><strong>Name:</strong> Gayathri Gopinathan</li><li><strong>Phone:</strong> 0510951289</li><li><strong>Email:</strong> gayathrigopinath86@gmail.com</li><li><strong>Date/Time:</strong> 31 Oct 2025 4:30 PM</li><li><strong>Reason:</strong> </li></ul>
Attachment: appointment.ics (491 bytes)
================================================================================
================================================================================
EMAIL (logged, not sent)
To: gayathrigopinath86@gmail.com
Subject: New Appointment Request — 31 Oct 2025 4:30 PM — Gayathri Gopinathan
Body: <h2>Appointment Request Confirmation</h2><p>Dear Gayathri Gopinathan,</p><p>Thank you for booking an appointment with Dr. Roots Dental Clinic!</p><h3>Appointment Details:</h3><ul><li><strong>Date/Time:</strong> 31 Oct 2025 4:30 PM</li><li><strong>Reason:</strong> </li></ul><p>We will confirm your appointment shortly.</p>
Attachment: appointment.ics (491 bytes)
================================================================================
================================================================================
EMAIL (logged, not sent)
To: gayathrigopinath86@gmail.com
Subject: Appointment Confirmed — 31 Oct 2025 4:30 PM
Body: <p>Dear Gayathri Gopinathan,</p><p>Your appointment is confirmed.</p><ul><li><strong>Date/Time:</strong> 31 Oct 2025 4:30 PM</li></ul>
Attachment: appointment.ics (463 bytes)
================================================================================
================================================================================
EMAIL (logged, not sent)
To: info@drrootsdc.in
Subject: New Appointment Request — 30 Oct 2025 9:30 AM — Ajai Sreenilayam
Body: <h2>New Appointment Request</h2><ul><li><strong>Name:</strong> Ajai Sreenilayam</li><li><strong>Phone:</strong> 9535579579</li><li><strong>Email:</strong> ajaisoman@gmail.com</li><li><strong>Date/Time:</strong> 30 Oct 2025 9:30 AM</li><li><strong>Reason:</strong> test</li></ul>
Attachment: appointment.ics (492 bytes)
================================================================================
================================================================================
EMAIL (logged, not sent)
To: ajaisoman@gmail.com
Subject: New Appointment Request — 30 Oct 2025 9:30 AM — Ajai Sreenilayam
Body: <h2>Appointment Request Confirmation</h2><p>Dear Ajai Sreenilayam,</p><p>Thank you for booking an appointment with Dr. Roots Dental Clinic!</p><h3>Appointment Details:</h3><ul><li><strong>Date/Time:</strong> 30 Oct 2025 9:30 AM</li><li><strong>Reason:</strong> test</li></ul><p>We will confirm your appointment shortly.</p>
Attachment: appointment.ics (492 bytes)
================================================================================
================================================================================
EMAIL (logged, not sent)
To: ajaisoman@gmail.com
Subject: Appointment Confirmed — 30 Oct 2025 9:30 AM
Body: <p>Dear Ajai Sreenilayam,</p><p>Your appointment is confirmed.</p><ul><li><strong>Date/Time:</strong> 30 Oct 2025 9:30 AM</li></ul>
Attachment: appointment.ics (463 bytes)
================================================================================
================================================================================
EMAIL (logged, not sent)
To: info@drrootsdc.in
Subject: New Appointment Request — 30 Oct 2025 2 PM — Ajai Sreenilayam
Body: <h2>New Appointment Request</h2><ul><li><strong>Name:</strong> Ajai Sreenilayam</li><li><strong>Phone:</strong> 0535579579</li><li><strong>Email:</strong> ajaisoman@gmail.com</li><li><strong>Date/Time:</strong> 30 Oct 2025 2 PM</li><li><strong>Reason:</strong> </li></ul>
Attachment: appointment.ics (488 bytes)
================================================================================
================================================================================
EMAIL (logged, not sent)
To: ajaisoman@gmail.com
Subject: New Appointment Request — 30 Oct 2025 2 PM — Ajai Sreenilayam
Body: <h2>Appointment Request Confirmation</h2><p>Dear Ajai Sreenilayam,</p><p>Thank you for booking an appointment with Dr. Roots Dental Clinic!</p><h3>Appointment Details:</h3><ul><li><strong>Date/Time:</strong> 30 Oct 2025 2 PM</li><li><strong>Reason:</strong> </li></ul><p>We will confirm your appointment shortly.</p>
Attachment: appointment.ics (488 bytes)
================================================================================
================================================================================
EMAIL (logged, not sent)
To: ajaisoman@gmail.com
Subject: Appointment Confirmed — 30 Oct 2025 2 PM
Body: <p>Dear Ajai Sreenilayam,</p><p>Your appointment is confirmed.</p><ul><li><strong>Date/Time:</strong> 30 Oct 2025 2 PM</li></ul>
Attachment: appointment.ics (463 bytes)
================================================================================
================================================================================
EMAIL (logged, not sent)
To: ajaisreenilayam@gmail.com
Subject: Appointment Rescheduled — 30 Oct 2025 1:30 PM
Body: <p>Dear Sureshkumar TV,</p><p>Your appointment has been rescheduled.</p><ul><li><strong>Date/Time:</strong> 30 Oct 2025 1:30 PM</li></ul>
Attachment: appointment.ics (463 bytes)
================================================================================
